La génération a démarré 27/01/2016 12:52:46.
     1>Projet "H:\ProgrammationComposant\partageable\Composant4\Composant4.vcxproj" sur le nœud 3 (build cible(s)).
     1>InitializeBuildStatus:
         Création de "Debug\Composant4.unsuccessfulbuild", car "AlwaysCreate" a été spécifié.
       ClCompile:
         Toutes les sorties sont à jour.
       ResourceCompile:
         C:\Program Files (x86)\Microsoft SDKs\Windows\v7.0A\bin\rc.exe /D _UNICODE /D UNICODE /D _AFXDLL /l"0x0409" /nologo /fo"Debug\Composant4.res" Composant4.rc 
       Link:
         c:\Program Files (x86)\Microsoft Visual Studio 10.0\VC\bin\link.exe /ERRORREPORT:PROMPT /OUT:"H:\ProgrammationComposant\partageable\Debug\Composant4.dll" /NOLOGO /MANIFEST /ManifestFile:"Debug\Composant4.dll.intermediate.manifest" /MANIFESTUAC:"level='asInvoker' uiAccess='false'" /DEBUG /PDB:"H:\ProgrammationComposant\partageable\Debug\Composant4.pdb" /TLBID:1 /DYNAMICBASE /NXCOMPAT /IMPLIB:"H:\ProgrammationComposant\partageable\Debug\Composant4.lib" /MACHINE:X86 /DLL Debug\Composant4.res
         Debug\Composant4.obj
         H:\ProgrammationComposant\partageable\Debug\Composant3.lib
         LINK : H:\ProgrammationComposant\partageable\Debug\Composant4.dll introuvable ou non généré par la dernière édition de liens incrémentielle ; édition de liens complète en cours
            Création de la bibliothèque H:\ProgrammationComposant\partageable\Debug\Composant4.lib et de l'objet H:\ProgrammationComposant\partageable\Debug\Composant4.exp
         Composant4.vcxproj -> H:\ProgrammationComposant\partageable\Debug\Composant4.dll
       Manifest:
         C:\Program Files (x86)\Microsoft SDKs\Windows\v7.0A\bin\mt.exe /nologo /verbose /outputresource:"H:\ProgrammationComposant\partageable\Debug\Composant4.dll;#2" /manifest Debug\Composant4.dll.intermediate.manifest "c:\Program Files (x86)\Microsoft Visual Studio 10.0\VC\Include\Manifest\dpiaware.manifest"
       FinalizeBuildStatus:
         Suppression du fichier "Debug\Composant4.unsuccessfulbuild".
         Mise à jour de l'horodatage "Debug\Composant4.lastbuildstate".
     1>Génération du projet "H:\ProgrammationComposant\partageable\Composant4\Composant4.vcxproj" terminée (build cible(s)).

La génération a réussi.

Temps écoulé 00:00:07.26
