La génération a démarré 22/01/2016 16:20:49.
     1>Projet "C:\Users\mouzco14\Documents\GitHub\ProgrammationComposant\partageable\Composant3\Composant3.vcxproj" sur le nœud 2 (build cible(s)).
     1>InitializeBuildStatus:
         Création de "Debug\Composant3.unsuccessfulbuild", car "AlwaysCreate" a été spécifié.
       ClCompile:
         c:\Program Files (x86)\Microsoft Visual Studio 10.0\VC\bin\CL.exe /c /IC:\Users\mouzco14\Documents\GitHub\ProgrammationComposant\partageable\Interfaces /ZI /nologo /W3 /WX- /Od /Oy- /D COMPOSANT3_EXPORTS /D WIN32 /D _WINDOWS /D _DEBUG /D _USRDLL /D _WINDLL /D _UNICODE /D UNICODE /D _AFXDLL /Gm /EHsc /RTC1 /MDd /GS /fp:precise /Zc:wchar_t /Zc:forScope /Fo"Debug\\" /Fd"Debug\vc100.pdb" /Gd /TP /analyze- /errorReport:prompt Composant3.cpp
         Composant3.cpp
       ResourceCompile:
         C:\Program Files (x86)\Microsoft SDKs\Windows\v7.0A\bin\rc.exe /D _UNICODE /D UNICODE /D _AFXDLL /l"0x0409" /nologo /fo"Debug\Composant3.res" Composant3.rc 
       Link:
         c:\Program Files (x86)\Microsoft Visual Studio 10.0\VC\bin\link.exe /ERRORREPORT:PROMPT /OUT:"C:\Users\mouzco14\Documents\GitHub\ProgrammationComposant\partageable\Debug\Composant3.dll" /NOLOGO /MANIFEST /ManifestFile:"Debug\Composant3.dll.intermediate.manifest" /MANIFESTUAC:"level='asInvoker' uiAccess='false'" /DEBUG /PDB:"C:\Users\mouzco14\Documents\GitHub\ProgrammationComposant\partageable\Debug\Composant3.pdb" /TLBID:1 /DYNAMICBASE /NXCOMPAT /IMPLIB:"C:\Users\mouzco14\Documents\GitHub\ProgrammationComposant\partageable\Debug\Composant3.lib" /MACHINE:X86 /DLL Debug\Composant3.res
         Debug\Composant3.obj
         LINK : C:\Users\mouzco14\Documents\GitHub\ProgrammationComposant\partageable\Debug\Composant3.dll introuvable ou non généré par la dernière édition de liens incrémentielle ; édition de liens complète en cours
            Création de la bibliothèque C:\Users\mouzco14\Documents\GitHub\ProgrammationComposant\partageable\Debug\Composant3.lib et de l'objet C:\Users\mouzco14\Documents\GitHub\ProgrammationComposant\partageable\Debug\Composant3.exp
         Composant3.vcxproj -> C:\Users\mouzco14\Documents\GitHub\ProgrammationComposant\partageable\Debug\Composant3.dll
       Manifest:
         C:\Program Files (x86)\Microsoft SDKs\Windows\v7.0A\bin\mt.exe /nologo /verbose /outputresource:"C:\Users\mouzco14\Documents\GitHub\ProgrammationComposant\partageable\Debug\Composant3.dll;#2" /manifest Debug\Composant3.dll.intermediate.manifest "c:\Program Files (x86)\Microsoft Visual Studio 10.0\VC\Include\Manifest\dpiaware.manifest"
       FinalizeBuildStatus:
         Suppression du fichier "Debug\Composant3.unsuccessfulbuild".
         Mise à jour de l'horodatage "Debug\Composant3.lastbuildstate".
     1>Génération du projet "C:\Users\mouzco14\Documents\GitHub\ProgrammationComposant\partageable\Composant3\Composant3.vcxproj" terminée (build cible(s)).

La génération a réussi.

Temps écoulé 00:00:01.02
