La génération a démarré 22/01/2016 16:20:52.
     1>Projet "C:\Users\mouzco14\Documents\GitHub\ProgrammationComposant\partageable\partageable\partageable.vcxproj" sur le nœud 2 (build cible(s)).
     1>InitializeBuildStatus:
         Création de "Debug\partageable.unsuccessfulbuild", car "AlwaysCreate" a été spécifié.
       ClCompile:
         c:\Program Files (x86)\Microsoft Visual Studio 10.0\VC\bin\CL.exe /c /IC:\Users\mouzco14\Documents\GitHub\ProgrammationComposant\partageable\Interfaces /ZI /nologo /W3 /WX- /Od /Oy- /D WIN32 /D _DEBUG /D _CONSOLE /D _UNICODE /D UNICODE /Gm /EHsc /RTC1 /MDd /GS /fp:precise /Zc:wchar_t /Zc:forScope /Fo"Debug\\" /Fd"Debug\vc100.pdb" /Gd /TP /analyze- /errorReport:prompt main.cpp
         main.cpp
       ManifestResourceCompile:
         C:\Program Files (x86)\Microsoft SDKs\Windows\v7.0A\bin\rc.exe /nologo /fo"Debug\partageable.exe.embed.manifest.res" Debug\partageable_manifest.rc 
       Link:
         c:\Program Files (x86)\Microsoft Visual Studio 10.0\VC\bin\link.exe /ERRORREPORT:PROMPT /OUT:"C:\Users\mouzco14\Documents\GitHub\ProgrammationComposant\partageable\Debug\partageable.exe" /INCREMENTAL /NOLOGO kernel32.lib user32.lib gdi32.lib winspool.lib comdlg32.lib advapi32.lib shell32.lib ole32.lib oleaut32.lib uuid.lib odbc32.lib odbccp32.lib /MANIFEST /ManifestFile:"Debug\partageable.exe.intermediate.manifest" /MANIFESTUAC:"level='asInvoker' uiAccess='false'" /DEBUG /PDB:"C:\Users\mouzco14\Documents\GitHub\ProgrammationComposant\partageable\Debug\partageable.pdb" /SUBSYSTEM:CONSOLE /TLBID:1 /DYNAMICBASE /NXCOMPAT /IMPLIB:"C:\Users\mouzco14\Documents\GitHub\ProgrammationComposant\partageable\Debug\partageable.lib" /MACHINE:X86 Debug\partageable.exe.embed.manifest.res
         Debug\main.obj
         C:\Users\mouzco14\Documents\GitHub\ProgrammationComposant\partageable\Debug\Composant1.lib
         C:\Users\mouzco14\Documents\GitHub\ProgrammationComposant\partageable\Debug\Composant2.lib
         C:\Users\mouzco14\Documents\GitHub\ProgrammationComposant\partageable\Debug\Composant3.lib
         C:\Users\mouzco14\Documents\GitHub\ProgrammationComposant\partageable\Debug\Composant4.lib
       Manifest:
         C:\Program Files (x86)\Microsoft SDKs\Windows\v7.0A\bin\mt.exe /nologo /verbose /out:"Debug\partageable.exe.embed.manifest" /manifest Debug\partageable.exe.intermediate.manifest
         Toutes les sorties sont à jour.
       LinkEmbedManifest:
         Toutes les sorties sont à jour.
         partageable.vcxproj -> C:\Users\mouzco14\Documents\GitHub\ProgrammationComposant\partageable\Debug\partageable.exe
       FinalizeBuildStatus:
         Suppression du fichier "Debug\partageable.unsuccessfulbuild".
         Mise à jour de l'horodatage "Debug\partageable.lastbuildstate".
     1>Génération du projet "C:\Users\mouzco14\Documents\GitHub\ProgrammationComposant\partageable\partageable\partageable.vcxproj" terminée (build cible(s)).

La génération a réussi.

Temps écoulé 00:00:01.43
